<?xml version="1.0" encoding="UTF-8"?>
<!-- Generated by org.testng.reporters.JUnitXMLReporter -->
<testsuite hostname="TestingWorld-PC" name="Test(failed)" tests="1" failures="1" timestamp="13 Feb 2016 10:16:43 GMT" time="36.377" errors="0">
  <testcase name="testUntitled" time="27.017" classname="testcases.TC_001">
    <failure type="com.thoughtworks.selenium.SeleniumException" message="ERROR: Element link=Jmeter88 not found">
      <![CDATA[com.thoughtworks.selenium.SeleniumException: ERROR: Element link=Jmeter88 not found
	at com.thoughtworks.selenium.HttpCommandProcessor.throwAssertionFailureExceptionOrError(HttpCommandProcessor.java:111)
	at com.thoughtworks.selenium.HttpCommandProcessor.doCommand(HttpCommandProcessor.java:105)
	at com.thoughtworks.selenium.DefaultSelenium.click(DefaultSelenium.java:196)
	at testcases.TC_001.testUntitled(TC_001.java:22)
... Removed 24 stack frames]]>
    </failure>
  </testcase> <!-- testUntitled -->
</testsuite> <!-- Test(failed) -->
